Arguments: 
  /usr/local/bin/node /usr/local/bin/yarn add axios

PATH: 
  /usr/local/sbin:/usr/local/bin:/usr/sbin:/usr/bin:/sbin:/bin:/usr/games:/usr/local/games:/usr/lib/wsl/lib:/mnt/c/c/Program Files (x86)/Common Files/Oracle/Java/javapath:/mnt/c/c/Windows/system32:/mnt/c/c/Windows:/mnt/c/c/Windows/System32/Wbem:/mnt/c/c/Windows/System32/WindowsPowerShell/v1.0/:/mnt/c/c/Windows/System32/OpenSSH/:/mnt/c/c/Program Files (x86)/NVIDIA Corporation/PhysX/Common:/mnt/c/c/Program Files/NVIDIA Corporation/NVIDIA NvDLISR:/mnt/c/c/WINDOWS/system32:/mnt/c/c/WINDOWS:/mnt/c/c/WINDOWS/System32/Wbem:/mnt/c/c/WINDOWS/System32/WindowsPowerShell/v1.0/:/mnt/c/c/WINDOWS/System32/OpenSSH/:/mnt/c/c/Program Files/Git/cmd:/mnt/c/c/Program Files/dotnet/:/mnt/c/c/Program Files/nodejs/:/mnt/c/c/Program Files/MySQL/MySQL Shell 8.0/bin/:/mnt/c/c/Users/singh/AppData/Local/Microsoft/WindowsApps:/mnt/c/c/Users/singh/AppData/Local/atom/bin:/mnt/c/c/Users/singh/AppData/Local/Programs/Microsoft VS Code/bin:/mnt/c/c/Users/singh/.dotnet/tools:/mnt/c/c/Users/singh/AppData/Roaming/npm:/mnt/c/c/Program Files/heroku/bin:/snap/bin

Yarn version: 
  1.22.19

Node version: 
  16.18.0

Platform: 
  linux x64

Trace: 
  Error: EACCES: permission denied, mkdir '/home/ikevins/squawk/node_modules/@babel/template/node_modules/@babel'

npm manifest: 
  {
    "name": "squawk",
    "version": "1.0.0",
    "main": "node_modules/expo/AppEntry.js",
    "scripts": {
      "start": "expo start",
      "android": "expo start --android",
      "ios": "expo start --ios",
      "web": "expo start --web"
    },
    "dependencies": {
      "@freakycoder/react-native-bounceable": "^1.0.3",
      "@react-native-async-storage/async-storage": "~1.17.3",
      "@react-navigation/native": "^6.0.13",
      "@react-navigation/stack": "^6.3.3",
      "expo": "~46.0.16",
      "expo-status-bar": "~1.4.0",
      "formik": "^2.2.9",
      "react": "18.0.0",
      "react-dom": "18.0.0",
      "react-native": "0.69.6",
      "react-native-animated-spinkit": "^1.5.2",
      "react-native-dynamic-search-bar": "github:WrathChaos/react-native-dynamic-search-bar#expo",
      "react-native-gesture-handler": "~2.5.0",
      "react-native-safe-area-context": "4.3.1",
      "react-native-screens": "~3.15.0",
      "react-native-web": "~0.18.7",
      "styled-components": "^5.3.6"
    },
    "devDependencies": {
      "@babel/core": "^7.12.9"
    },
    "private": true
  }

yarn manifest: 
  No manifest

Lockfile: 
  
